<?xml version="1.0" encoding="UTF-8"?>
<testng-results ignored="0" total="1" passed="1" failed="0" skipped="0">
  <reporter-output>
  </reporter-output>
  <suite started-at="2022-04-01T18:02:04 IST" name="Default suite" finished-at="2022-04-01T18:02:26 IST" duration-ms="22122">
    <groups>
    </groups>
    <test started-at="2022-04-01T18:02:04 IST" name="Default test" finished-at="2022-04-01T18:02:26 IST" duration-ms="22122">
      <class name="scripts.TestCase1">
        <test-method is-config="true" signature="openApp()[pri:0, instance:scripts.TestCase1@10163d6]" started-at="2022-04-01T18:02:04 IST" name="openApp" finished-at="2022-04-01T18:02:22 IST" duration-ms="18000" status="PASS">
          <reporter-output>
          </reporter-output>
        </test-method> <!-- openApp -->
        <test-method signature="tc1()[pri:0, instance:scripts.TestCase1@10163d6]" started-at="2022-04-01T18:02:22 IST" name="tc1" finished-at="2022-04-01T18:02:26 IST" duration-ms="3797" status="PASS">
          <reporter-output>
          </reporter-output>
        </test-method> <!-- tc1 -->
        <test-method is-config="true" signature="closeApp(org.testng.ITestResult)[pri:0, instance:scripts.TestCase1@10163d6]" started-at="2022-04-01T18:02:26 IST" name="closeApp" finished-at="2022-04-01T18:02:26 IST" duration-ms="288" status="PASS">
          <params>
            <param index="0">
              <value>
                <![CDATA[[TestResult name=tc1 status=SUCCESS method=TestCase1.tc1()[pri:0, instance:scripts.TestCase1@10163d6] output={null}]]]>
              </value>
            </param>
          </params>
          <reporter-output>
          </reporter-output>
        </test-method> <!-- closeApp -->
      </class> <!-- scripts.TestCase1 -->
    </test> <!-- Default test -->
  </suite> <!-- Default suite -->
</testng-results>
